<?xml version="1.0" encoding="UTF-8"?>
<!-- Generated by org.testng.reporters.JUnitReportReporter -->
<testsuite hostname="USHYDASANKAR2" name="testCases.BVT_Testcases" tests="1" failures="0" timestamp="15 Oct 2016 16:32:53 GMT" time="56.563" errors="0">
  <testcase name="Access_Global" time="56.563" classname="testCases.BVT_Testcases"/>
</testsuite> <!-- testCases.BVT_Testcases -->
